  stdafx.cpp
  RandomForest.cpp
d:\visual studio 2015\projects\randomforest\randomforest\gain.h(15): warning C4018: '<': signed/unsigned mismatch
d:\visual studio 2015\projects\randomforest\randomforest\gain.h(27): warning C4018: '<': signed/unsigned mismatch
d:\visual studio 2015\projects\randomforest\randomforest\gain.h(51): warning C4018: '<': signed/unsigned mismatch
d:\visual studio 2015\projects\randomforest\randomforest\threshold.h(27): warning C4018: '<': signed/unsigned mismatch
d:\visual studio 2015\projects\randomforest\randomforest\threshold.h(95): warning C4018: '<': signed/unsigned mismatch
d:\visual studio 2015\projects\randomforest\randomforest\threshold.h(101): warning C4018: '<': signed/unsigned mismatch
d:\visual studio 2015\projects\randomforest\randomforest\replace_unknowns.h(19): warning C4018: '<': signed/unsigned mismatch
d:\visual studio 2015\projects\randomforest\randomforest\replace_unknowns.h(41): warning C4018: '<': signed/unsigned mismatch
d:\visual studio 2015\projects\randomforest\randomforest\perform_id3.h(17): warning C4018: '<': signed/unsigned mismatch
d:\visual studio 2015\projects\randomforest\randomforest\perform_id3.h(79): warning C4018: '<': signed/unsigned mismatch
d:\visual studio 2015\projects\randomforest\randomforest\perform_id3.h(97): warning C4018: '<': signed/unsigned mismatch
d:\visual studio 2015\projects\randomforest\randomforest\perform_id3.h(122): warning C4018: '<': signed/unsigned mismatch
d:\visual studio 2015\projects\randomforest\randomforest\perform_id3.h(127): warning C4018: '<': signed/unsigned mismatch
d:\visual studio 2015\projects\randomforest\randomforest\classify.h(15): warning C4018: '<': signed/unsigned mismatch
d:\visual studio 2015\projects\randomforest\randomforest\classify.h(21): warning C4018: '<': signed/unsigned mismatch
d:\visual studio 2015\projects\randomforest\randomforest\classify.h(43): warning C4018: '<': signed/unsigned mismatch
RandomForest.cpp(58): warning C4018: '<': signed/unsigned mismatch
RandomForest.cpp(60): warning C4018: '<': signed/unsigned mismatch
RandomForest.cpp(84): warning C4018: '<': signed/unsigned mismatch
RandomForest.cpp(86): warning C4018: '<': signed/unsigned mismatch
RandomForest.cpp(124): warning C4244: 'argument': conversion from 'time_t' to 'unsigned int', possible loss of data
RandomForest.cpp(125): warning C4018: '<': signed/unsigned mismatch
RandomForest.cpp(151): warning C4018: '<': signed/unsigned mismatch
RandomForest.cpp(165): warning C4018: '<': signed/unsigned mismatch
RandomForest.cpp(173): warning C4018: '<': signed/unsigned mismatch
RandomForest.cpp(175): warning C4018: '<': signed/unsigned mismatch
RandomForest.cpp(195): warning C4018: '<': signed/unsigned mismatch
RandomForest.cpp(200): warning C4018: '<': signed/unsigned mismatch
RandomForest.cpp(203): warning C4018: '<': signed/unsigned mismatch
RandomForest.cpp(224): warning C4018: '<': signed/unsigned mismatch
RandomForest.cpp(248): warning C4018: '<': signed/unsigned mismatch
RandomForest.cpp(256): warning C4018: '<': signed/unsigned mismatch
RandomForest.cpp(258): warning C4244: 'initializing': conversion from 'float' to 'int', possible loss of data
RandomForest.cpp(261): warning C4018: '<': signed/unsigned mismatch
RandomForest.cpp(265): warning C4244: 'initializing': conversion from 'float' to 'int', possible loss of data
RandomForest.cpp(271): warning C4018: '<': signed/unsigned mismatch
RandomForest.cpp(282): warning C4018: '<': signed/unsigned mismatch
RandomForest.cpp(284): warning C4018: '<': signed/unsigned mismatch
RandomForest.cpp(297): warning C4018: '<': signed/unsigned mismatch
RandomForest.cpp(325): warning C4018: '<': signed/unsigned mismatch
RandomForest.cpp(334): warning C4018: '<': signed/unsigned mismatch
RandomForest.cpp(337): warning C4018: '<': signed/unsigned mismatch
RandomForest.cpp(354): warning C4018: '<': signed/unsigned mismatch
RandomForest.cpp(357): warning C4018: '<': signed/unsigned mismatch
RandomForest.cpp(377): warning C4018: '<': signed/unsigned mismatch
  Generating code
  0 of 1706 functions ( 0.0%) were compiled, the rest were copied from previous compilation.
    0 functions were new in current compilation
    25 functions had inline decision re-evaluated but remain unchanged
  Finished generating code
  RandomForest.vcxproj -> D:\Visual Studio 2015\Projects\RandomForest\Release\RandomForest.exe
  RandomForest.vcxproj -> D:\Visual Studio 2015\Projects\RandomForest\Release\RandomForest.pdb (Full PDB)
